#
# There is insufficient memory for the Java Runtime Environment to continue.
# Native memory allocation (malloc) failed to allocate 277136 bytes for Chunk::new
# Possible reasons:
#   The system is out of physical RAM or swap space
#   The process is running with CompressedOops enabled, and the Java Heap may be blocking the growth of the native heap
# Possible solutions:
#   Reduce memory load on the system
#   Increase physical memory or swap space
#   Check if swap backing store is full
#   Decrease Java heap size (-Xmx/-Xms)
#   Decrease number of Java threads
#   Decrease Java thread stack sizes (-Xss)
#   Set larger code cache with -XX:ReservedCodeCacheSize=
#   JVM is running with Unscaled Compressed Oops mode in which the Java heap is
#     placed in the first 4GB address space. The Java Heap base address is the
#     maximum limit for the native heap growth. Please use -XX:HeapBaseMinAddress
#     to set the Java Heap base and to place the Java Heap above 4GB virtual address.
# This output file may be truncated or incomplete.
#
#  Out of Memory Error (allocation.cpp:389), pid=2668, tid=0x0000000000000f3c
#
# JRE version: OpenJDK Runtime Environment (8.0_242-b01) (build 1.8.0_242-release-1644-b01)
# Java VM: OpenJDK 64-Bit Server VM (25.242-b01 mixed mode windows-amd64 compressed oops)
# Failed to write core dump. Minidumps are not enabled by default on client versions of Windows
#

---------------  T H R E A D  ---------------

Current thread (0x00000000173a6800):  JavaThread "C2 CompilerThread1" daemon [_thread_in_native, id=3900, stack(0x0000000018af0000,0x0000000018bf0000)]

Stack: [0x0000000018af0000,0x0000000018bf0000]
[error occurred during error reporting (printing stack bounds), id 0xc0000005]

Native frames: (J=compiled Java code, j=interpreted, Vv=VM code, C=native code)


Current CompileTask:
C2:1374148 21599       4       org.gradle.api.internal.artifacts.transform.DefaultTransformerInvocationFactory$2::call (6 bytes)


---------------  P R O C E S S  ---------------

Java Threads: ( => current thread )
  0x000000001d2fa000 JavaThread "Cache worker for execution history cache (D:\##RENDER\Hamro-Agile-Pasal\.gradle\6.1.1\executionHistory)" [_thread_blocked, id=6072, stack(0x0000000025820000,0x0000000025920000)]
  0x000000001d2f2800 JavaThread "Execution worker for ':' Thread 3" [_thread_in_native, id=3232, stack(0x0000000025420000,0x0000000025520000)]
  0x000000001d2f9800 JavaThread "Execution worker for ':' Thread 2" [_thread_blocked, id=8396, stack(0x0000000025120000,0x0000000025220000)]
  0x000000001d2f4000 JavaThread "Execution worker for ':'" [_thread_blocked, id=3172, stack(0x0000000024b20000,0x0000000024c20000)]
  0x000000001d2f3800 JavaThread "Cache worker for file content cache (D:\##RENDER\Hamro-Agile-Pasal\.gradle\6.1.1\fileContent)" [_thread_blocked, id=1708, stack(0x0000000021fd0000,0x00000000220d0000)]
  0x000000001d2f6800 JavaThread "Cache worker for Build Output Cleanup Cache (D:\##RENDER\Hamro-Agile-Pasal\.gradle\buildOutputCleanup)" [_thread_blocked, id=10940, stack(0x0000000021cd0000,0x0000000021dd0000)]
  0x000000001d2f8800 JavaThread "Build operations Thread 4" [_thread_blocked, id=6784, stack(0x0000000021bd0000,0x0000000021cd0000)]
  0x000000001d2f1000 JavaThread "Build operations Thread 3" [_thread_blocked, id=9532, stack(0x0000000021ad0000,0x0000000021bd0000)]
  0x000000001d2f2000 JavaThread "Build operations Thread 2" [_thread_blocked, id=6424, stack(0x00000000219d0000,0x0000000021ad0000)]
  0x000000001d2f8000 JavaThread "Build operations" [_thread_blocked, id=14376, stack(0x0000000020940000,0x0000000020a40000)]
  0x00000000229db000 JavaThread "Cache worker for cache directory md-rule (C:\Users\shris\.gradle\caches\6.1.1\md-rule)" [_thread_blocked, id=14532, stack(0x000000001f810000,0x000000001f910000)]
  0x00000000229db800 JavaThread "Cache worker for cache directory md-supplier (C:\Users\shris\.gradle\caches\6.1.1\md-supplier)" [_thread_blocked, id=4876, stack(0x000000001f710000,0x000000001f810000)]
  0x00000000229ce000 JavaThread "Cache worker for file hash cache (D:\##RENDER\Hamro-Agile-Pasal\.gradle\6.1.1\fileHashes)" [_thread_in_native, id=8816, stack(0x000000001f610000,0x000000001f710000)]
  0x00000000229d5000 JavaThread "Cache worker for checksums cache (D:\##RENDER\Hamro-Agile-Pasal\.gradle\checksums)" [_thread_blocked, id=13308, stack(0x000000001cc70000,0x000000001cd70000)]
  0x00000000229d2000 JavaThread "Thread-173" [_thread_blocked, id=12844, stack(0x000000001c970000,0x000000001ca70000)]
  0x00000000229d1000 JavaThread "Stdin handler" [_thread_blocked, id=9648, stack(0x000000001c870000,0x000000001c970000)]
  0x00000000229d4000 JavaThread "Asynchronous log dispatcher for DefaultDaemonConnection: socket connection from /127.0.0.1:62735 to /127.0.0.1:63101" [_thread_blocked, id=1696, stack(0x000000001c570000,0x000000001c670000)]
  0x00000000229cf000 JavaThread "Cancel handler" [_thread_blocked, id=6836, stack(0x0000000000ba0000,0x0000000000ca0000)]
  0x00000000229d0800 JavaThread "Handler for socket connection from /127.0.0.1:62735 to /127.0.0.1:63101" [_thread_in_native, id=12980, stack(0x0000000000aa0000,0x0000000000ba0000)]
  0x000000001d2f0800 JavaThread "Daemon worker Thread 5" [_thread_in_vm, id=13784, stack(0x000000001c470000,0x000000001c570000)]
  0x000000001d2f5800 JavaThread "Daemon Thread 5" [_thread_blocked, id=10368, stack(0x00000000009a0000,0x0000000000aa0000)]
  0x000000001d9e2800 JavaThread "Cache worker for Java compile cache (C:\Users\shris\.gradle\caches\6.1.1\javaCompile)" [_thread_blocked, id=11208, stack(0x0000000025020000,0x0000000025120000)]
  0x000000001d573000 JavaThread "Cache worker for file content cache (C:\Users\shris\.gradle\caches\6.1.1\fileContent)" [_thread_blocked, id=11916, stack(0x0000000023ec0000,0x0000000023fc0000)]
  0x000000001d570000 JavaThread "Memory manager" [_thread_blocked, id=14584, stack(0x0000000024220000,0x0000000024320000)]
  0x000000001b46c000 JavaThread "Cache worker for execution history cache (C:\Users\shris\.gradle\caches\6.1.1\executionHistory)" [_thread_blocked, id=12868, stack(0x0000000020a40000,0x0000000020b40000)]
  0x000000001b46d000 JavaThread "Cache worker for file hash cache (C:\Users\shris\.gradle\caches\6.1.1\fileHashes)" [_thread_blocked, id=7488, stack(0x000000001d170000,0x000000001d270000)]
  0x000000001b470800 JavaThread "File lock request listener" [_thread_in_native, id=4868, stack(0x000000001d070000,0x000000001d170000)]
  0x000000001b4c3800 JavaThread "Cache worker for journal cache (C:\Users\shris\.gradle\caches\journal-1)" [_thread_in_Java, id=12648, stack(0x000000001cf70000,0x000000001d070000)]
  0x000000001b1a0800 JavaThread "Daemon periodic checks" [_thread_blocked, id=11924, stack(0x000000001c370000,0x000000001c470000)]
  0x000000001b0c2800 JavaThread "Incoming local TCP Connector on port 62735" [_thread_in_native, id=7492, stack(0x00000000193f0000,0x00000000194f0000)]
  0x000000001a3c7800 JavaThread "Daemon health stats" [_thread_blocked, id=14280, stack(0x00000000192f0000,0x00000000193f0000)]
  0x00000000173ec000 JavaThread "Service Thread" daemon [_thread_blocked, id=11704, stack(0x00000000190f0000,0x00000000191f0000)]
  0x00000000173e1000 JavaThread "C1 CompilerThread2" daemon [_thread_blocked, id=10012, stack(0x0000000018bf0000,0x0000000018cf0000)]
=>0x00000000173a6800 JavaThread "C2 CompilerThread1" daemon [_thread_in_native, id=3900, stack(0x0000000018af0000,0x0000000018bf0000)]
  0x0000000017392000 JavaThread "C2 CompilerThread0" daemon [_thread_in_native, id=9244, stack(0x00000000189f0000,0x0000000018af0000)]
  0x0000000017390000 JavaThread "Attach Listener" daemon [_thread_blocked, id=12420, stack(0x00000000188f0000,0x00000000189f0000)]
  0x0000000017396800 JavaThread "Signal Dispatcher" daemon [_thread_blocked, id=3076, stack(0x00000000187f0000,0x00000000188f0000)]
  0x000000000276b000 JavaThread "Finalizer" daemon [_thread_blocked, id=3388, stack(0x00000000185f0000,0x00000000186f0000)]
  0x0000000017379000 JavaThread "Reference Handler" daemon [_thread_blocked, id=12936, stack(0x00000000184f0000,0x00000000185f0000)]
  0x000000000266d800 JavaThread "main" [_thread_blocked, id=14084, stack(0x0000000002480000,0x0000000002580000)]

Other Threads:
  0x0000000017356800 VMThread [stack: 0x00000000183f0000,0x00000000184f0000] [id=9976]
  0x00000000173ec800 WatcherThread [stack: 0x00000000191f0000,0x00000000192f0000] [id=14676]

VM state:not at safepoint (normal execution)

VM Mutex/Monitor currently owned by a thread: None

heap address: 0x0000000080000000, size: 2048 MB, Compressed Oops mode: 32-bit
Narrow klass base: 0x0000000000000000, Narrow klass shift: 3
Compressed class space size: 1073741824 Address: 0x0000000100000000

Heap:
 PSYoungGen      total 505856K, used 210126K [0x00000000d5580000, 0x00000000f8400000, 0x0000000100000000)
  eden space 456704K, 42% used [0x00000000d5580000,0x00000000e1449648,0x00000000f1380000)
  from space 49152K, 30% used [0x00000000f4200000,0x00000000f506a1c8,0x00000000f7200000)
  to   space 47616K, 0% used [0x00000000f1380000,0x00000000f1380000,0x00000000f4200000)
 ParOldGen       total 282112K, used 82494K [0x0000000080000000, 0x0000000091380000, 0x00000000d5580000)
  object space 282112K, 29% used [0x0000000080000000,0x000000008508fb58,0x0000000091380000)
 Metaspace       used 93771K, capacity 98908K, committed 99112K, reserved 1134592K
  class space    used 12219K, capacity 13170K, committed 13232K, reserved 1048576K

Card table byte_map: [0x0000000011b30000,0x0000000011f40000] byte_map_base: 0x0000000011730000

Marking Bits: (ParMarkBitMap*) 0x0000000054f5f030
 Begin Bits: [0x00000000125f0000, 0x00000000145f0000)
 End Bits:   [0x00000000145f0000, 0x00000000165f0000)

Polling page: 0x0000000000840000

CodeCache: size=245760Kb used=58070Kb max_used=58081Kb free=187689Kb
 bounds [0x0000000002770000, 0x0000000006080000, 0x0000000011770000]
 total_blobs=17529 nmethods=16650 adapters=789
 compilation: enabled

Compilation events (10 events):
Event: 1374.038 Thread 0x00000000173a6800 21594       4       org.gradle.util.Path::toString (5 bytes)
Event: 1374.039 Thread 0x00000000173e1000 nmethod 21595 0x0000000006070950 code [0x0000000006070ac0, 0x0000000006070d68]
Event: 1374.050 Thread 0x00000000173e1000 21596       1       sun.reflect.ClassFileAssembler::decStack (11 bytes)
Event: 1374.050 Thread 0x00000000173e1000 nmethod 21596 0x0000000006070690 code [0x00000000060707e0, 0x00000000060708f0]
Event: 1374.061 Thread 0x00000000173e1000 21597       3       org.gradle.internal.operations.DefaultBuildOperationQueue$WorkerRunnable::<init> (6 bytes)
Event: 1374.062 Thread 0x00000000173e1000 nmethod 21597 0x0000000006070210 code [0x0000000006070380, 0x00000000060705b0]
Event: 1374.072 Thread 0x00000000173a6800 nmethod 21594 0x0000000006073390 code [0x0000000006073540, 0x0000000006074338]
Event: 1374.072 Thread 0x00000000173a6800 21598   !   4       org.gradle.internal.operations.DefaultBuildOperationQueue$WorkerRunnable::getNextOperation (51 bytes)
Event: 1374.087 Thread 0x00000000173a6800 nmethod 21598 0x0000000006070e50 code [0x0000000006071020, 0x0000000006071620]
Event: 1374.099 Thread 0x00000000173a6800 21599       4       org.gradle.api.internal.artifacts.transform.DefaultTransformerInvocationFactory$2::call (6 bytes)

GC Heap History (10 events):
Event: 326.078 GC heap before
{Heap before GC invocations=18 (full 3):
 PSYoungGen      total 479232K, used 460668K [0x00000000d5580000, 0x00000000f6c00000, 0x0000000100000000)
  eden space 435712K, 100% used [0x00000000d5580000,0x00000000eff00000,0x00000000eff00000)
  from space 43520K, 57% used [0x00000000f4180000,0x00000000f59df100,0x00000000f6c00000)
  to   space 55808K, 0% used [0x00000000eff00000,0x00000000eff00000,0x00000000f3580000)
 ParOldGen       total 164352K, used 117044K [0x0000000080000000, 0x000000008a080000, 0x00000000d5580000)
  object space 164352K, 71% used [0x0000000080000000,0x000000008724d3a8,0x000000008a080000)
 Metaspace       used 91963K, capacity 96860K, committed 97072K, reserved 1132544K
  class space    used 12066K, capacity 13013K, committed 13104K, reserved 1048576K
Event: 326.135 GC heap after
Heap after GC invocations=18 (full 3):
 PSYoungGen      total 491520K, used 19400K [0x00000000d5580000, 0x00000000f8e80000, 0x0000000100000000)
  eden space 435712K, 0% used [0x00000000d5580000,0x00000000d5580000,0x00000000eff00000)
  from space 55808K, 34% used [0x00000000eff00000,0x00000000f11f23d0,0x00000000f3580000)
  to   space 53248K, 0% used [0x00000000f5a80000,0x00000000f5a80000,0x00000000f8e80000)
 ParOldGen       total 164352K, used 117052K [0x0000000080000000, 0x000000008a080000, 0x00000000d5580000)
  object space 164352K, 71% used [0x0000000080000000,0x000000008724f3a8,0x000000008a080000)
 Metaspace       used 91963K, capacity 96860K, committed 97072K, reserved 1132544K
  class space    used 12066K, capacity 13013K, committed 13104K, reserved 1048576K
}
Event: 944.515 GC heap before
{Heap before GC invocations=19 (full 3):
 PSYoungGen      total 491520K, used 455112K [0x00000000d5580000, 0x00000000f8e80000, 0x0000000100000000)
  eden space 435712K, 100% used [0x00000000d5580000,0x00000000eff00000,0x00000000eff00000)
  from space 55808K, 34% used [0x00000000eff00000,0x00000000f11f23d0,0x00000000f3580000)
  to   space 53248K, 0% used [0x00000000f5a80000,0x00000000f5a80000,0x00000000f8e80000)
 ParOldGen       total 164352K, used 117052K [0x0000000080000000, 0x000000008a080000, 0x00000000d5580000)
  object space 164352K, 71% used [0x0000000080000000,0x000000008724f3a8,0x000000008a080000)
 Metaspace       used 92628K, capacity 97696K, committed 97840K, reserved 1134592K
  class space    used 12100K, capacity 13073K, committed 13104K, reserved 1048576K
Event: 944.554 GC heap after
Heap after GC invocations=19 (full 3):
 PSYoungGen      total 431616K, used 12782K [0x00000000d5580000, 0x00000000f6700000, 0x0000000100000000)
  eden space 418816K, 0% used [0x00000000d5580000,0x00000000d5580000,0x00000000eee80000)
  from space 12800K, 99% used [0x00000000f5a80000,0x00000000f66fb860,0x00000000f6700000)
  to   space 51712K, 0% used [0x00000000f0200000,0x00000000f0200000,0x00000000f3480000)
 ParOldGen       total 164352K, used 117060K [0x0000000080000000, 0x000000008a080000, 0x00000000d5580000)
  object space 164352K, 71% used [0x0000000080000000,0x00000000872513a8,0x000000008a080000)
 Metaspace       used 92628K, capacity 97696K, committed 97840K, reserved 1134592K
  class space    used 12100K, capacity 13073K, committed 13104K, reserved 1048576K
}
Event: 945.305 GC heap before
{Heap before GC invocations=20 (full 3):
 PSYoungGen      total 431616K, used 47724K [0x00000000d5580000, 0x00000000f6700000, 0x0000000100000000)
  eden space 418816K, 8% used [0x00000000d5580000,0x00000000d779f8c8,0x00000000eee80000)
  from space 12800K, 99% used [0x00000000f5a80000,0x00000000f66fb860,0x00000000f6700000)
  to   space 51712K, 0% used [0x00000000f0200000,0x00000000f0200000,0x00000000f3480000)
 ParOldGen       total 164352K, used 117060K [0x0000000080000000, 0x000000008a080000, 0x00000000d5580000)
  object space 164352K, 71% used [0x0000000080000000,0x00000000872513a8,0x000000008a080000)
 Metaspace       used 93424K, capacity 98484K, committed 98600K, reserved 1134592K
  class space    used 12192K, capacity 13143K, committed 13232K, reserved 1048576K
Event: 945.329 GC heap after
Heap after GC invocations=20 (full 3):
 PSYoungGen      total 490496K, used 22682K [0x00000000d5580000, 0x00000000f7200000, 0x0000000100000000)
  eden space 438784K, 0% used [0x00000000d5580000,0x00000000d5580000,0x00000000f0200000)
  from space 51712K, 43% used [0x00000000f0200000,0x00000000f1826ae0,0x00000000f3480000)
  to   space 49152K, 0% used [0x00000000f4200000,0x00000000f4200000,0x00000000f7200000)
 ParOldGen       total 164352K, used 117068K [0x0000000080000000, 0x000000008a080000, 0x00000000d5580000)
  object space 164352K, 71% used [0x0000000080000000,0x00000000872533a8,0x000000008a080000)
 Metaspace       used 93424K, capacity 98484K, committed 98600K, reserved 1134592K
  class space    used 12192K, capacity 13143K, committed 13232K, reserved 1048576K
}
Event: 945.329 GC heap before
{Heap before GC invocations=21 (full 4):
 PSYoungGen      total 490496K, used 22682K [0x00000000d5580000, 0x00000000f7200000, 0x0000000100000000)
  eden space 438784K, 0% used [0x00000000d5580000,0x00000000d5580000,0x00000000f0200000)
  from space 51712K, 43% used [0x00000000f0200000,0x00000000f1826ae0,0x00000000f3480000)
  to   space 49152K, 0% used [0x00000000f4200000,0x00000000f4200000,0x00000000f7200000)
 ParOldGen       total 164352K, used 117068K [0x0000000080000000, 0x000000008a080000, 0x00000000d5580000)
  object space 164352K, 71% used [0x0000000080000000,0x00000000872533a8,0x000000008a080000)
 Metaspace       used 93424K, capacity 98484K, committed 98600K, reserved 1134592K
  class space    used 12192K, capacity 13143K, committed 13232K, reserved 1048576K
Event: 945.766 GC heap after
Heap after GC invocations=21 (full 4):
 PSYoungGen      total 490496K, used 0K [0x00000000d5580000, 0x00000000f7200000, 0x0000000100000000)
  eden space 438784K, 0% used [0x00000000d5580000,0x00000000d5580000,0x00000000f0200000)
  from space 51712K, 0% used [0x00000000f0200000,0x00000000f0200000,0x00000000f3480000)
  to   space 49152K, 0% used [0x00000000f4200000,0x00000000f4200000,0x00000000f7200000)
 ParOldGen       total 282112K, used 82486K [0x0000000080000000, 0x0000000091380000, 0x00000000d5580000)
  object space 282112K, 29% used [0x0000000080000000,0x000000008508db58,0x0000000091380000)
 Metaspace       used 92522K, capacity 97134K, committed 98600K, reserved 1134592K
  class space    used 12079K, capacity 12939K, committed 13232K, reserved 1048576K
}
Event: 1336.357 GC heap before
{Heap before GC invocations=22 (full 4):
 PSYoungGen      total 490496K, used 438784K [0x00000000d5580000, 0x00000000f7200000, 0x0000000100000000)
  eden space 438784K, 100% used [0x00000000d5580000,0x00000000f0200000,0x00000000f0200000)
  from space 51712K, 0% used [0x00000000f0200000,0x00000000f0200000,0x00000000f3480000)
  to   space 49152K, 0% used [0x00000000f4200000,0x00000000f4200000,0x00000000f7200000)
 ParOldGen       total 282112K, used 82486K [0x0000000080000000, 0x0000000091380000, 0x00000000d5580000)
  object space 282112K, 29% used [0x0000000080000000,0x000000008508db58,0x0000000091380000)
 Metaspace       used 93303K, capacity 97970K, committed 98600K, reserved 1134592K
  class space    used 12145K, capacity 13035K, committed 13232K, reserved 1048576K
Event: 1336.395 GC heap after
Heap after GC invocations=22 (full 4):
 PSYoungGen      total 505856K, used 14760K [0x00000000d5580000, 0x00000000f8400000, 0x0000000100000000)
  eden space 456704K, 0% used [0x00000000d5580000,0x00000000d5580000,0x00000000f1380000)
  from space 49152K, 30% used [0x00000000f4200000,0x00000000f506a1c8,0x00000000f7200000)
  to   space 47616K, 0% used [0x00000000f1380000,0x00000000f1380000,0x00000000f4200000)
 ParOldGen       total 282112K, used 82494K [0x0000000080000000, 0x0000000091380000, 0x00000000d5580000)
  object space 282112K, 29% used [0x0000000080000000,0x000000008508fb58,0x0000000091380000)
 Metaspace       used 93303K, capacity 97970K, committed 98600K, reserved 1134592K
  class space    used 12145K, capacity 13035K, committed 13232K, reserved 1048576K
}

Deoptimization events (10 events):
Event: 1337.848 Thread 0x000000001d2fb000 Uncommon trap: reason=class_check action=maybe_recompile pc=0x000000000505930c method=java.util.Formatter$FixedString.print(Ljava/lang/Object;Ljava/util/Locale;)V @ 11
Event: 1337.848 Thread 0x000000001d2fb000 Uncommon trap: reason=class_check action=maybe_recompile pc=0x000000000505930c method=java.util.Formatter$FixedString.print(Ljava/lang/Object;Ljava/util/Locale;)V @ 11
Event: 1337.857 Thread 0x000000001d2f0800 Uncommon trap: reason=bimorphic action=maybe_recompile pc=0x0000000005475f1c method=org.gradle.internal.logging.text.AbstractStyledTextOutput.text(Ljava/lang/Object;)Lorg/gradle/internal/logging/text/StyledTextOutput; @ 11
Event: 1337.857 Thread 0x000000001d2f0800 Uncommon trap: reason=bimorphic action=maybe_recompile pc=0x0000000005475f1c method=org.gradle.internal.logging.text.AbstractStyledTextOutput.text(Ljava/lang/Object;)Lorg/gradle/internal/logging/text/StyledTextOutput; @ 11
Event: 1337.857 Thread 0x000000001d2f0800 Uncommon trap: reason=unstable_if action=reinterpret pc=0x000000000301cbac method=org.gradle.internal.logging.text.AbstractLineChoppingStyledTextOutput$2.execute(Lorg/gradle/internal/logging/text/AbstractLineChoppingStyledTextOutput$StateContext;)V @ 30
Event: 1337.857 Thread 0x000000001d2f0800 Uncommon trap: reason=bimorphic action=maybe_recompile pc=0x0000000005475f1c method=org.gradle.internal.logging.text.AbstractStyledTextOutput.text(Ljava/lang/Object;)Lorg/gradle/internal/logging/text/StyledTextOutput; @ 11
Event: 1337.858 Thread 0x000000001d2f0800 Uncommon trap: reason=unstable_if action=reinterpret pc=0x0000000002bb560c method=org.gradle.internal.logging.text.AbstractLineChoppingStyledTextOutput$2.execute(Lorg/gradle/internal/logging/text/AbstractLineChoppingStyledTextOutput$StateContext;)V @ 30
Event: 1337.858 Thread 0x000000001d2f0800 Uncommon trap: reason=unstable_if action=reinterpret pc=0x0000000002bb95ec method=org.gradle.internal.logging.text.AbstractLineChoppingStyledTextOutput$2.execute(Lorg/gradle/internal/logging/text/AbstractLineChoppingStyledTextOutput$StateContext;)V @ 30
Event: 1337.901 Thread 0x00000000229d2000 Uncommon trap: reason=unstable_if action=reinterpret pc=0x00000000028ebf88 method=java.util.concurrent.locks.AbstractQueuedSynchronizer.enq(Ljava/util/concurrent/locks/AbstractQueuedSynchronizer$Node;)Ljava/util/concurrent/locks/AbstractQueuedSynchronizer
Event: 1372.535 Thread 0x000000001d2f0800 Uncommon trap: reason=null_check action=make_not_entrant pc=0x0000000005d700a0 method=org.gradle.api.internal.collections.CollectionFilter.filter(Ljava/lang/Object;)Ljava/lang/Object; @ 5

Classes redefined (0 events):
No events

Internal exceptions (10 events):
Event: 949.374 Thread 0x000000001d9d9000 Exception <a 'sun/nio/fs/WindowsException'> (0x00000000e1ddaac0) thrown at [C:\src\AOSP-openjdk-git\hotspot\src\share\vm\prims\jni.cpp, line 710]
Event: 949.374 Thread 0x000000001d9d9000 Exception <a 'sun/nio/fs/WindowsException'> (0x00000000e1ddc830) thrown at [C:\src\AOSP-openjdk-git\hotspot\src\share\vm\prims\jni.cpp, line 710]
Event: 949.374 Thread 0x000000001d9d9000 Exception <a 'sun/nio/fs/WindowsException'> (0x00000000e1ddd4d0) thrown at [C:\src\AOSP-openjdk-git\hotspot\src\share\vm\prims\jni.cpp, line 710]
Event: 949.374 Thread 0x000000001d9d9000 Exception <a 'sun/nio/fs/WindowsException'> (0x00000000e1dde1e0) thrown at [C:\src\AOSP-openjdk-git\hotspot\src\share\vm\prims\jni.cpp, line 710]
Event: 949.484 Thread 0x000000001b46d800 Exception <a 'java/lang/NoSuchMethodError': java.lang.Object.lambda$asRunnable$0(Lcom/android/tools/build/apkzlib/utils/IOExceptionRunnable;)V> (0x00000000e217ffb0) thrown at [C:\src\AOSP-openjdk-git\hotspot\src\share\vm\interpreter\linkResolver.cpp, line
Event: 1335.465 Thread 0x000000001d2fb000 Implicit null exception at 0x000000000352ad79 to 0x000000000352c271
Event: 1335.667 Thread 0x000000001d2fb000 Implicit null exception at 0x0000000005e9e807 to 0x0000000005e9f23f
Event: 1337.840 Thread 0x00000000229d2000 Exception <a 'java/io/IOException'> (0x00000000d7eee370) thrown at [C:\src\AOSP-openjdk-git\hotspot\src\share\vm\prims\jni.cpp, line 710]
Event: 1337.842 Thread 0x000000001d2fb000 Exception <a 'java/lang/reflect/InvocationTargetException'> (0x00000000d7cbf8f0) thrown at [C:\src\AOSP-openjdk-git\hotspot\src\share\vm\runtime\reflection.cpp, line 1092]
Event: 1372.535 Thread 0x000000001d2f0800 Implicit null exception at 0x0000000005d6ff5f to 0x0000000005d7008d

Events (10 events):
Event: 1373.667 Executing VM operation: RevokeBias
Event: 1373.668 Executing VM operation: RevokeBias done
Event: 1373.668 Executing VM operation: RevokeBias
Event: 1373.668 Executing VM operation: RevokeBias done
Event: 1373.668 Executing VM operation: RevokeBias
Event: 1373.668 Executing VM operation: RevokeBias done
Event: 1373.668 Executing VM operation: RevokeBias
Event: 1373.668 Executing VM operation: RevokeBias done
Event: 1373.677 Executing VM operation: RevokeBias
Event: 1373.678 Executing VM operation: RevokeBias done


Dynamic libraries:
0x00007ff6104d0000 - 0x00007ff610501000 	D:\Android\jre\bin\java.exe
0x00007ffd04f50000 - 0x00007ffd05144000 	C:\WINDOWS\SYSTEM32\ntdll.dll
0x00007ffd03900000 - 0x00007ffd039bd000 	C:\WINDOWS\System32\KERNEL32.DLL
0x00007ffd029f0000 - 0x00007ffd02cb7000 	C:\WINDOWS\System32\KERNELBASE.dll
0x00007ffd04d60000 - 0x00007ffd04e0a000 	C:\WINDOWS\System32\ADVAPI32.dll
0x00007ffd02fd0000 - 0x00007ffd0306e000 	C:\WINDOWS\System32\msvcrt.dll
0x00007ffd030d0000 - 0x00007ffd0316b000 	C:\WINDOWS\System32\sechost.dll
0x00007ffd036b0000 - 0x00007ffd037d3000 	C:\WINDOWS\System32\RPCRT4.dll
0x00007ffd04bc0000 - 0x00007ffd04d60000 	C:\WINDOWS\System32\USER32.dll
0x00007ffd028c0000 - 0x00007ffd028e2000 	C:\WINDOWS\System32\win32u.dll
0x00007ffd04b00000 - 0x00007ffd04b2a000 	C:\WINDOWS\System32\GDI32.dll
0x00007ffd02cc0000 - 0x00007ffd02dca000 	C:\WINDOWS\System32\gdi32full.dll
0x00007ffd026a0000 - 0x00007ffd0273d000 	C:\WINDOWS\System32\msvcp_win.dll
0x00007ffd02740000 - 0x00007ffd02840000 	C:\WINDOWS\System32\ucrtbase.dll
0x00007ffcf1330000 - 0x00007ffcf15ca000 	C:\WINDOWS\WinSxS\amd64_microsoft.windows.common-controls_6595b64144ccf1df_6.0.19041.1_none_b555e41d4684ddec\COMCTL32.dll
0x00007ffd04390000 - 0x00007ffd043c0000 	C:\WINDOWS\System32\IMM32.DLL
0x00000000546b0000 - 0x0000000054782000 	D:\Android\jre\jre\bin\msvcr100.dll
0x0000000054790000 - 0x0000000054fdb000 	D:\Android\jre\jre\bin\server\jvm.dll
0x00007ffd02fc0000 - 0x00007ffd02fc8000 	C:\WINDOWS\System32\PSAPI.DLL
0x00007ffcf3d90000 - 0x00007ffcf3d9a000 	C:\WINDOWS\SYSTEM32\VERSION.dll
0x00007ffcf2980000 - 0x00007ffcf29a7000 	C:\WINDOWS\SYSTEM32\WINMM.dll
0x00007ffcea310000 - 0x00007ffcea319000 	C:\WINDOWS\SYSTEM32\WSOCK32.dll
0x00007ffd031d0000 - 0x00007ffd0323b000 	C:\WINDOWS\System32\WS2_32.dll
0x00007ffcfb080000 - 0x00007ffcfb08f000 	D:\Android\jre\jre\bin\verify.dll
0x00007ffcdb070000 - 0x00007ffcdb099000 	D:\Android\jre\jre\bin\java.dll
0x00007ffcfaa70000 - 0x00007ffcfaa86000 	D:\Android\jre\jre\bin\zip.dll
0x00007ffd043c0000 - 0x00007ffd04af5000 	C:\WINDOWS\System32\SHELL32.dll
0x00007ffd00830000 - 0x00007ffd00fbf000 	C:\WINDOWS\SYSTEM32\windows.storage.dll
0x00007ffd039c0000 - 0x00007ffd03d13000 	C:\WINDOWS\System32\combase.dll
0x00007ffd02120000 - 0x00007ffd0214b000 	C:\WINDOWS\SYSTEM32\Wldp.dll
0x00007ffd03600000 - 0x00007ffd036ae000 	C:\WINDOWS\System32\SHCORE.dll
0x00007ffd04220000 - 0x00007ffd04275000 	C:\WINDOWS\System32\shlwapi.dll
0x00007ffd025e0000 - 0x00007ffd025ff000 	C:\WINDOWS\SYSTEM32\profapi.dll
0x00007ffce50e0000 - 0x00007ffce50fa000 	D:\Android\jre\jre\bin\net.dll
0x00007ffd01ea0000 - 0x00007ffd01f0a000 	C:\WINDOWS\system32\mswsock.dll
0x00007ffcddaf0000 - 0x00007ffcddb03000 	D:\Android\jre\jre\bin\nio.dll
0x00007ffcc4680000 - 0x00007ffcc46a6000 	C:\Users\shris\.gradle\native\31\windows-amd64\native-platform.dll
0x00007ffcfab50000 - 0x00007ffcfab5d000 	D:\Android\jre\jre\bin\management.dll
0x00007ffd02070000 - 0x00007ffd02088000 	C:\WINDOWS\SYSTEM32\CRYPTSP.dll
0x00007ffd017c0000 - 0x00007ffd017f4000 	C:\WINDOWS\system32\rsaenh.dll
0x00007ffd02e30000 - 0x00007ffd02e57000 	C:\WINDOWS\System32\bcrypt.dll
0x00007ffd025a0000 - 0x00007ffd025ce000 	C:\WINDOWS\SYSTEM32\USERENV.dll
0x00007ffd02840000 - 0x00007ffd028bf000 	C:\WINDOWS\System32\bcryptprimitives.dll
0x00007ffd02090000 - 0x00007ffd0209c000 	C:\WINDOWS\SYSTEM32\CRYPTBASE.dll
0x00007ffd01b40000 - 0x00007ffd01b7b000 	C:\WINDOWS\SYSTEM32\IPHLPAPI.DLL
0x00007ffd04e10000 - 0x00007ffd04e19000 	C:\WINDOWS\System32\NSI.dll
0x00007ffcf6560000 - 0x00007ffcf6577000 	C:\WINDOWS\SYSTEM32\dhcpcsvc6.DLL
0x00007ffcf4290000 - 0x00007ffcf42ad000 	C:\WINDOWS\SYSTEM32\dhcpcsvc.DLL
0x00007ffd01b90000 - 0x00007ffd01c5a000 	C:\WINDOWS\SYSTEM32\DNSAPI.dll
0x00007ffcff590000 - 0x00007ffcff620000 	C:\WINDOWS\system32\apphelp.dll

VM Arguments:
jvm_args: -Xmx2048m -Dfile.encoding=windows-1252 -Duser.country=US -Duser.language=en -Duser.variant 
java_command: org.gradle.launcher.daemon.bootstrap.GradleDaemon 6.1.1
java_class_path (initial): C:\Users\shris\.gradle\wrapper\dists\gradle-6.1.1-all\cfmwm155h49vnt3hynmlrsdst\gradle-6.1.1\lib\gradle-launcher-6.1.1.jar
Launcher Type: SUN_STANDARD

Environment Variables:
PATH=C:\Program Files (x86)\Common Files\Intel\Shared Libraries\redist\intel64_win\compiler;C:\Program Files (x86)\Common Files\Intel\Shared Libraries\redist\intel64\compiler;C:\WINDOWS\system32;C:\WINDOWS;C:\WINDOWS\System32\Wbem;C:\WINDOWS\System32\WindowsPowerShell\v1.0\;C:\WINDOWS\System32\OpenSSH\;C:\Program Files\Git\cmd;C:\Users\shris\AppData\Local\Microsoft\WindowsApps;C:\Users\shris\AppData\Local\Programs\Microsoft VS Code\bin;%USERPROFILE%\AppData\Local\Microsoft\WindowsApps;
USERNAME=ANONYMOUS
OS=Windows_NT
PROCESSOR_IDENTIFIER=Intel64 Family 6 Model 61 Stepping 4, GenuineIntel



---------------  S Y S T E M  ---------------

OS: Windows 10.0 , 64 bit Build 19041 (10.0.19041.292)

CPU:total 4 (initial active 4) (2 cores per cpu, 2 threads per core) family 6 model 61 stepping 4, cmov, cx8, fxsr, mmx, sse, sse2, sse3, ssse3, sse4.1, sse4.2, popcnt, avx, avx2, aes, clmul, erms, rtm, 3dnowpref, lzcnt, ht, tsc, tscinvbit, bmi1, bmi2, adx

Memory: 4k page, physical 12452176k(1880476k free), swap 14500176k(4096k free)

vm_info: OpenJDK 64-Bit Server VM (25.242-b01) for windows-amd64 JRE (1.8.0_242-release-1644-b01), built by "builder" with MS VC++ 10.0 (VS2010)

time: Sun Jul 26 18:24:56 2020
timezone: Nepal Standard Time
elapsed time: 1374 seconds (0d 0h 22m 54s)

